<?xml version="1.0" encoding="UTF-8"?>
<!-- Generated by org.testng.reporters.JUnitXMLReporter -->
<testsuite ignored="0" hostname="NTD2109" failures="0" tests="6" name="Run on Firefox" time="13.893" errors="0" timestamp="03 Mar 2022 09:22:53 GMT">
  <testcase classname="com.nopcomercer.user.Level_03_Register_Login_Page_Object" name="TC_01_Register_Empty_Data" time="0.923"/>
  <testcase classname="com.nopcomercer.user.Level_03_Register_Login_Page_Object" name="TC_02_Register_Ivalid_Email" time="1.059"/>
  <testcase classname="com.nopcomercer.user.Level_03_Register_Login_Page_Object" name="TC_03_Register_Success" time="2.254"/>
  <testcase classname="com.nopcomercer.user.Level_03_Register_Login_Page_Object" name="TC_04_Register_Existing_Email" time="0.984"/>
  <testcase classname="com.nopcomercer.user.Level_03_Register_Login_Page_Object" name="TC_05_Register_Password_Less" time="1.458"/>
  <testcase classname="com.nopcomercer.user.Level_03_Register_Login_Page_Object" name="TC_06_Register_Invalid_Confirm_Password" time="1.369"/>
</testsuite> <!-- Run on Firefox -->
