<?xml version="1.0" encoding="UTF-8"?>
<testng-results ignored="0" total="6" passed="6" failed="0" skipped="0">
  <reporter-output>
  </reporter-output>
  <suite started-at="2022-03-03T09:22:39Z" name="Nopcommerce" finished-at="2022-03-03T09:22:53Z" duration-ms="13893">
    <groups>
    </groups>
    <test started-at="2022-03-03T09:22:39Z" name="Run on Firefox" finished-at="2022-03-03T09:22:53Z" duration-ms="13893">
      <class name="com.nopcomercer.user.Level_03_Register_Login_Page_Object">
        <test-method is-config="true" signature="beforeClass()[pri:0, instance:com.nopcomercer.user.Level_03_Register_Login_Page_Object@1c1bbc4e]" started-at="2022-03-03T09:22:39Z" name="beforeClass" finished-at="2022-03-03T09:22:45Z" duration-ms="5310" status="PASS">
          <reporter-output>
          </reporter-output>
        </test-method> <!-- beforeClass -->
        <test-method signature="TC_01_Register_Empty_Data()[pri:0, instance:com.nopcomercer.user.Level_03_Register_Login_Page_Object@1c1bbc4e]" started-at="2022-03-03T09:22:45Z" name="TC_01_Register_Empty_Data" finished-at="2022-03-03T09:22:46Z" duration-ms="923" status="PASS">
          <reporter-output>
          </reporter-output>
        </test-method> <!-- TC_01_Register_Empty_Data -->
        <test-method signature="TC_02_Register_Ivalid_Email()[pri:0, instance:com.nopcomercer.user.Level_03_Register_Login_Page_Object@1c1bbc4e]" started-at="2022-03-03T09:22:46Z" name="TC_02_Register_Ivalid_Email" finished-at="2022-03-03T09:22:47Z" duration-ms="1059" status="PASS">
          <reporter-output>
          </reporter-output>
        </test-method> <!-- TC_02_Register_Ivalid_Email -->
        <test-method signature="TC_03_Register_Success()[pri:0, instance:com.nopcomercer.user.Level_03_Register_Login_Page_Object@1c1bbc4e]" started-at="2022-03-03T09:22:47Z" name="TC_03_Register_Success" finished-at="2022-03-03T09:22:49Z" duration-ms="2254" status="PASS">
          <reporter-output>
          </reporter-output>
        </test-method> <!-- TC_03_Register_Success -->
        <test-method signature="TC_04_Register_Existing_Email()[pri:0, instance:com.nopcomercer.user.Level_03_Register_Login_Page_Object@1c1bbc4e]" started-at="2022-03-03T09:22:49Z" name="TC_04_Register_Existing_Email" finished-at="2022-03-03T09:22:50Z" duration-ms="984" status="PASS">
          <reporter-output>
          </reporter-output>
        </test-method> <!-- TC_04_Register_Existing_Email -->
        <test-method signature="TC_05_Register_Password_Less()[pri:0, instance:com.nopcomercer.user.Level_03_Register_Login_Page_Object@1c1bbc4e]" started-at="2022-03-03T09:22:50Z" name="TC_05_Register_Password_Less" finished-at="2022-03-03T09:22:51Z" duration-ms="1458" status="PASS">
          <reporter-output>
          </reporter-output>
        </test-method> <!-- TC_05_Register_Password_Less -->
        <test-method signature="TC_06_Register_Invalid_Confirm_Password()[pri:0, instance:com.nopcomercer.user.Level_03_Register_Login_Page_Object@1c1bbc4e]" started-at="2022-03-03T09:22:51Z" name="TC_06_Register_Invalid_Confirm_Password" finished-at="2022-03-03T09:22:53Z" duration-ms="1369" status="PASS">
          <reporter-output>
          </reporter-output>
        </test-method> <!-- TC_06_Register_Invalid_Confirm_Password -->
        <test-method is-config="true" signature="afterClass()[pri:0, instance:com.nopcomercer.user.Level_03_Register_Login_Page_Object@1c1bbc4e]" started-at="2022-03-03T09:22:53Z" name="afterClass" finished-at="2022-03-03T09:22:53Z" duration-ms="524" status="PASS">
          <reporter-output>
          </reporter-output>
        </test-method> <!-- afterClass -->
      </class> <!-- com.nopcomercer.user.Level_03_Register_Login_Page_Object -->
    </test> <!-- Run on Firefox -->
  </suite> <!-- Nopcommerce -->
</testng-results>
